<?xml version="1.0" encoding="UTF-8" ?>
<testsuites name="vitest tests" tests="3" failures="0" errors="0" time="4.6933196">
    <testsuite name="src/pages/auth/reigster.test.tsx" timestamp="2025-10-27T09:41:58.327Z" hostname="Rav-G15" tests="3" failures="0" errors="0" skipped="0" time="4.6933196">
        <testcase classname="src/pages/auth/reigster.test.tsx" name="Register &gt; renders core fields and Sign up button" time="0.486821">
        </testcase>
        <testcase classname="src/pages/auth/reigster.test.tsx" name="Register &gt; button is disabled without an avatar" time="2.1300782">
        </testcase>
        <testcase classname="src/pages/auth/reigster.test.tsx" name="Register &gt; enables the button once an avatar is uploaded and submits successfully" time="2.0731771">
            <system-out>
âœ… User created: { id: [32m&apos;user-1&apos;[39m }

            </system-out>
        </testcase>
    </testsuite>
</testsuites>
