<?xml version="1.0" encoding="UTF-8" ?>
<testsuites name="vitest tests" tests="3" failures="0" errors="0" time="1.0158954">
    <testsuite name="src/pages/profile/profile.test.tsx" timestamp="2025-09-29T01:54:11.687Z" hostname="DESKTOP-7CAIL0O" tests="3" failures="0" errors="0" skipped="0" time="1.0158954">
        <testcase classname="src/pages/profile/profile.test.tsx" name="Profile Component &gt; renders form fields" time="0.4615561001">
            <system-err>
MUI: You have provided an out-of-range value `sydney` for the select component.
Consider providing a value that matches one of the available options or &apos;&apos;.
The available values are `cbd_inner_south`, `inner_west`, `eastern_suburbs`, `lower_north_shore`, `upper_north_shore`, `northern_beaches`, `parramatta_hills`, `st_george`, `sutherland_shire`, `canterbury_bankstown`, `western_sydney`, `south_west`, `outer_west_blue_mountains`.
MUI: You have provided an out-of-range value `sydney` for the select component.
Consider providing a value that matches one of the available options or &apos;&apos;.
The available values are `cbd_inner_south`, `inner_west`, `eastern_suburbs`, `lower_north_shore`, `upper_north_shore`, `northern_beaches`, `parramatta_hills`, `st_george`, `sutherland_shire`, `canterbury_bankstown`, `western_sydney`, `south_west`, `outer_west_blue_mountains`.

            </system-err>
        </testcase>
        <testcase classname="src/pages/profile/profile.test.tsx" name="Profile Component &gt; lets user edit and save profile" time="0.3353625998">
        </testcase>
        <testcase classname="src/pages/profile/profile.test.tsx" name="Profile Component &gt; shows error toast when save fails" time="0.2170515001">
        </testcase>
    </testsuite>
</testsuites>
