<?xml version="1.0" encoding="UTF-8" ?>
<testsuites name="vitest tests" tests="7" failures="0" errors="0" time="0.552114333">
    <testsuite name="src/simple.test.ts" timestamp="2025-09-30T06:44:04.661Z" hostname="DCS-HM9CVXTJ9D-rayan.eltaher" tests="1" failures="0" errors="0" skipped="0" time="0.000921542">
        <testcase classname="src/simple.test.ts" name="basic math &gt; 1+1 = 2" time="0.000454">
        </testcase>
    </testsuite>
    <testsuite name="src/pages/profile/profile.test.tsx" timestamp="2025-09-30T06:44:04.661Z" hostname="DCS-HM9CVXTJ9D-rayan.eltaher" tests="6" failures="0" errors="0" skipped="0" time="0.551192791">
        <testcase classname="src/pages/profile/profile.test.tsx" name="Profile Component &gt; renders form fields" time="0.162345917">
            <system-err>
MUI: You have provided an out-of-range value `sydney` for the select component.
Consider providing a value that matches one of the available options or &apos;&apos;.
The available values are `cbd_inner_south`, `inner_west`, `eastern_suburbs`, `lower_north_shore`, `upper_north_shore`, `northern_beaches`, `parramatta_hills`, `st_george`, `sutherland_shire`, `canterbury_bankstown`, `western_sydney`, `south_west`, `outer_west_blue_mountains`.
MUI: You have provided an out-of-range value `sydney` for the select component.
Consider providing a value that matches one of the available options or &apos;&apos;.
The available values are `cbd_inner_south`, `inner_west`, `eastern_suburbs`, `lower_north_shore`, `upper_north_shore`, `northern_beaches`, `parramatta_hills`, `st_george`, `sutherland_shire`, `canterbury_bankstown`, `western_sydney`, `south_west`, `outer_west_blue_mountains`.

            </system-err>
        </testcase>
        <testcase classname="src/pages/profile/profile.test.tsx" name="Profile Component &gt; lets user edit and save profile" time="0.110078375">
        </testcase>
        <testcase classname="src/pages/profile/profile.test.tsx" name="Profile Component &gt; shows error toast when save fails" time="0.103178459">
        </testcase>
        <testcase classname="src/pages/profile/profile.test.tsx" name="Profile Component &gt; prefills gender from API and sends it on save" time="0.049941958">
        </testcase>
        <testcase classname="src/pages/profile/profile.test.tsx" name="Profile Component &gt; sends null for gender when left blank" time="0.041810291">
        </testcase>
        <testcase classname="src/pages/profile/profile.test.tsx" name="Profile Component &gt; allows for selecting a different gender and sends it" time="0.083146458">
        </testcase>
    </testsuite>
</testsuites>
